Using pre-set license
Built from '2021.2/staging' branch; Version is '2021.2.9f1 (921b45a28ab6) revision 9575237'; Using compiler version '192829333'; Build Type 'Release'
OS: 'Windows 10  (10.0.19043) 64bit Core' Language: 'en' Physical Memory: 16242 MB
BatchMode: 1, IsHumanControllingUs: 0, StartBugReporterOnCrash: 0, Is64bit: 1, IsPro: 0

COMMAND LINE ARGUMENTS:
C:\Program Files\Unity\Hub\Editor\2021.2.9f1\Editor\Unity.exe
-adb2
-batchMode
-noUpm
-name
AssetImportWorker1
-projectPath
D:/1-1CLEAN DOWNLOADS/unitty/mario clone/platformer/platformer
-logFile
Logs/AssetImportWorker1.log
-srvPort
64642
Successfully changed project path to: D:/1-1CLEAN DOWNLOADS/unitty/mario clone/platformer/platformer
D:/1-1CLEAN DOWNLOADS/unitty/mario clone/platformer/platformer
[UnityMemory] Configuration Parameters - Can be set up in boot.config
    "memorysetup-bucket-allocator-granularity=16"
    "memorysetup-bucket-allocator-bucket-count=8"
    "memorysetup-bucket-allocator-block-size=33554432"
    "memorysetup-bucket-allocator-block-count=8"
    "memorysetup-main-allocator-block-size=16777216"
    "memorysetup-thread-allocator-block-size=16777216"
    "memorysetup-gfx-main-allocator-block-size=16777216"
    "memorysetup-gfx-thread-allocator-block-size=16777216"
    "memorysetup-cache-allocator-block-size=4194304"
    "memorysetup-typetree-allocator-block-size=2097152"
    "memorysetup-profiler-bucket-allocator-granularity=16"
    "memorysetup-profiler-bucket-allocator-bucket-count=8"
    "memorysetup-profiler-bucket-allocator-block-size=33554432"
    "memorysetup-profiler-bucket-allocator-block-count=8"
    "memorysetup-profiler-allocator-block-size=16777216"
    "memorysetup-profiler-editor-allocator-block-size=1048576"
    "memorysetup-temp-allocator-size-main=16777216"
    "memorysetup-job-temp-allocator-block-size=2097152"
    "memorysetup-job-temp-allocator-block-size-background=1048576"
    "memorysetup-job-temp-allocator-reduction-small-platforms=262144"
    "memorysetup-temp-allocator-size-background-worker=32768"
    "memorysetup-temp-allocator-size-job-worker=262144"
    "memorysetup-temp-allocator-size-preload-manager=33554432"
    "memorysetup-temp-allocator-size-nav-mesh-worker=65536"
    "memorysetup-temp-allocator-size-audio-worker=65536"
    "memorysetup-temp-allocator-size-cloud-worker=32768"
    "memorysetup-temp-allocator-size-gi-baking-worker=262144"
    "memorysetup-temp-allocator-size-gfx=262144"
Refreshing native plugins compatible for Editor in 79.49 ms, found 3 plugins.
Preloading 0 native plugins for Editor in 0.00 ms.
Initialize engine version: 2021.2.9f1 (921b45a28ab6)
[Subsystems] Discovering subsystems at path C:/Program Files/Unity/Hub/Editor/2021.2.9f1/Editor/Data/Resources/UnitySubsystems
[Subsystems] Discovering subsystems at path D:/1-1CLEAN DOWNLOADS/unitty/mario clone/platformer/platformer/Assets
GfxDevice: creating device client; threaded=0; jobified=0
Direct3D:
    Version:  Direct3D 11.0 [level 11.1]
    Renderer: NVIDIA GeForce GTX 1060 6GB (ID=0x1c03)
    Vendor:   NVIDIA
    VRAM:     6052 MB
    Driver:   30.0.14.9649
Initialize mono
Mono path[0] = 'C:/Program Files/Unity/Hub/Editor/2021.2.9f1/Editor/Data/Managed'
Mono path[1] = 'C:/Program Files/Unity/Hub/Editor/2021.2.9f1/Editor/Data/MonoBleedingEdge/lib/mono/unityjit-win32'
Mono config path = 'C:/Program Files/Unity/Hub/Editor/2021.2.9f1/Editor/Data/MonoBleedingEdge/etc'
Using monoOptions --debugger-agent=transport=dt_socket,embedding=1,server=y,suspend=n,address=127.0.0.1:56144
Begin MonoManager ReloadAssembly
Registering precompiled unity dll's ...
Register platform support module: C:/Program Files/Unity/Hub/Editor/2021.2.9f1/Editor/Data/PlaybackEngines/WindowsStandaloneSupport/UnityEditor.WindowsStandalone.Extensions.dll
Registered in 0.008557 seconds.
Native extension for WindowsStandalone target not found
Refreshing native plugins compatible for Editor in 77.41 ms, found 3 plugins.
Preloading 0 native plugins for Editor in 0.00 ms.
Mono: successfully reloaded assembly
- Completed reload, in  0.842 seconds
Domain Reload Profiling:
	ReloadAssembly (843ms)
		BeginReloadAssembly (83ms)
			ExecutionOrderSort (0ms)
			DisableScriptedObjects (0ms)
			BackupInstance (0ms)
			ReleaseScriptingObjects (0ms)
			CreateAndSetChildDomain (1ms)
		EndReloadAssembly (576ms)
			LoadAssemblies (81ms)
			RebuildTransferFunctionScriptingTraits (0ms)
			SetupTypeCache (220ms)
			ReleaseScriptCaches (0ms)
			RebuildScriptCaches (26ms)
			SetupLoadedEditorAssemblies (281ms)
				LogAssemblyErrors (0ms)
				InitializePlatformSupportModulesInManaged (15ms)
				SetLoadedEditorAssemblies (0ms)
				RefreshPlugins (77ms)
				BeforeProcessingInitializeOnLoad (1ms)
				ProcessInitializeOnLoadAttributes (133ms)
				ProcessInitializeOnLoadMethodAttributes (54ms)
				AfterProcessingInitializeOnLoad (0ms)
				EditorAssembliesLoaded (0ms)
			ExecutionOrderSort2 (0ms)
			AwakeInstancesAfterBackupRestoration (0ms)
Platform modules already initialized, skipping
Registering precompiled user dll's ...
Registered in 0.008060 seconds.
Begin MonoManager ReloadAssembly
Symbol file LoadedFromMemory doesn't match image D:\1-1CLEAN DOWNLOADS\unitty\mario clone\platformer\platformer\Library\PackageCache\com.unity.visualscripting@1.7.6\Editor\VisualScripting.Core\Dependencies\YamlDotNet\Unity.VisualScripting.YamlDotNet.dll
Symbol file LoadedFromMemory doesn't match image D:\1-1CLEAN DOWNLOADS\unitty\mario clone\platformer\platformer\Library\PackageCache\com.unity.visualscripting@1.7.6\Editor\VisualScripting.Core\Dependencies\DotNetZip\Unity.VisualScripting.IonicZip.dll
Native extension for WindowsStandalone target not found
Refreshing native plugins compatible for Editor in 0.48 ms, found 3 plugins.
Preloading 0 native plugins for Editor in 0.00 ms.
Mono: successfully reloaded assembly
- Completed reload, in  1.022 seconds
Domain Reload Profiling:
	ReloadAssembly (1022ms)
		BeginReloadAssembly (103ms)
			ExecutionOrderSort (0ms)
			DisableScriptedObjects (5ms)
			BackupInstance (0ms)
			ReleaseScriptingObjects (0ms)
			CreateAndSetChildDomain (18ms)
		EndReloadAssembly (827ms)
			LoadAssemblies (88ms)
			RebuildTransferFunctionScriptingTraits (0ms)
			SetupTypeCache (239ms)
			ReleaseScriptCaches (1ms)
			RebuildScriptCaches (44ms)
			SetupLoadedEditorAssemblies (419ms)
				LogAssemblyErrors (0ms)
				InitializePlatformSupportModulesInManaged (12ms)
				SetLoadedEditorAssemblies (0ms)
				RefreshPlugins (1ms)
				BeforeProcessingInitializeOnLoad (86ms)
				ProcessInitializeOnLoadAttributes (287ms)
				ProcessInitializeOnLoadMethodAttributes (23ms)
				AfterProcessingInitializeOnLoad (9ms)
				EditorAssembliesLoaded (0ms)
			ExecutionOrderSort2 (0ms)
			AwakeInstancesAfterBackupRestoration (8ms)
Platform modules already initialized, skipping
========================================================================
Worker process is ready to serve import requests
Launched and connected shader compiler UnityShaderCompiler.exe after 0.10 seconds
Refreshing native plugins compatible for Editor in 0.48 ms, found 3 plugins.
Preloading 0 native plugins for Editor in 0.00 ms.
Unloading 3236 Unused Serialized files (Serialized files now loaded: 0)
Unloading 26 unused Assets / (112.1 KB). Loaded Objects now: 3695.
Memory consumption went from 114.6 MB to 114.5 MB.
Total: 3.109600 ms (FindLiveObjects: 0.278200 ms CreateObjectMapping: 0.189200 ms MarkObjects: 2.537200 ms  DeleteObjects: 0.103900 ms)

AssetImportParameters requested are different than current active one (requested -> active):
  custom:video-decoder-ogg-theora: a1e56fd34408186e4bbccfd4996cb3dc -> 
  custom:container-muxer-webm: aa71ff27fc2769a1b78a27578f13a17b -> 
  custom:container-demuxer-webm: 4f35f7cbe854078d1ac9338744f61a02 -> 
  custom:video-encoder-webm-vp8: eb34c28f22e8b96e1ab97ce403110664 -> 
  custom:audio-encoder-webm-vorbis: bf7c407c2cedff20999df2af8eb42d56 -> 
  custom:framework-win-MediaFoundation: 216162199b28c13a410421893ffa2e32 -> 
  custom:container-demuxer-ogg: 62fdf1f143b41e24485cea50d1cbac27 -> 
  custom:video-decoder-webm-vp8: 9c59270c3fd7afecdb556c50c9e8de78 -> 
  custom:audio-decoder-ogg-vorbis: bf7c407c2cedff20999df2af8eb42d56 -> 
========================================================================
Received Import Request.
  Time since last request: 1483926.626211 seconds.
  path: Assets/Platformer/Prefabs/Stone.prefab
  artifactKey: Guid(e2bf2963d586ea44ea04e84c9ae1fa8e) Importer(815301076,1909f56bfc062723c751e8b465ee728b)
Start importing Assets/Platformer/Prefabs/Stone.prefab using Guid(e2bf2963d586ea44ea04e84c9ae1fa8e) Importer(815301076,1909f56bfc062723c751e8b465ee728b)  -> (artifact id: '4d2edf66815c4b6e3e4b99d6a095ceeb') in 0.153988 seconds 
========================================================================
Received Import Request.
  Time since last request: 0.000020 seconds.
  path: Assets/Platformer/Prefabs/Brick.prefab
  artifactKey: Guid(d94221691cf23ce429136e2be05d002b) Importer(815301076,1909f56bfc062723c751e8b465ee728b)
Start importing Assets/Platformer/Prefabs/Brick.prefab using Guid(d94221691cf23ce429136e2be05d002b) Importer(815301076,1909f56bfc062723c751e8b465ee728b)  -> (artifact id: 'ede0283a62bef481449a9351f1dee422') in 0.026347 seconds 
========================================================================
Received Import Request.
  Time since last request: 0.000020 seconds.
  path: Assets/Platformer/Prefabs/Question.prefab
  artifactKey: Guid(97d0fe6850ab3714eaa654f26f4ca9f8) Importer(815301076,1909f56bfc062723c751e8b465ee728b)
Start importing Assets/Platformer/Prefabs/Question.prefab using Guid(97d0fe6850ab3714eaa654f26f4ca9f8) Importer(815301076,1909f56bfc062723c751e8b465ee728b)  -> (artifact id: '0045f669eaa51dddb7e87f6e7b8bb1ed') in 0.028756 seconds 
========================================================================
Received Import Request.
  Time since last request: 0.000021 seconds.
  path: Assets/Platformer/Prefabs/RockPrefab.prefab
  artifactKey: Guid(8a31c4670fe539b4db96d07a19482732) Importer(815301076,1909f56bfc062723c751e8b465ee728b)
Start importing Assets/Platformer/Prefabs/RockPrefab.prefab using Guid(8a31c4670fe539b4db96d07a19482732) Importer(815301076,1909f56bfc062723c751e8b465ee728b)  -> (artifact id: '3a7ba40be2a34102d5218f967fce27bf') in 0.025009 seconds 
========================================================================
Received Import Request.
  Time since last request: 0.000025 seconds.
  path: Assets/Platformer/Prefabs/Rock.prefab
  artifactKey: Guid(981bb3414d36746408a1c5ee5244f1b1) Importer(815301076,1909f56bfc062723c751e8b465ee728b)
Start importing Assets/Platformer/Prefabs/Rock.prefab using Guid(981bb3414d36746408a1c5ee5244f1b1) Importer(815301076,1909f56bfc062723c751e8b465ee728b)  -> (artifact id: '271ff3713fb91df876e36e69c6021f32') in 0.015107 seconds 
========================================================================
Received Import Request.
  Time since last request: 5.337375 seconds.
  path: Assets/New Prefab.prefab
  artifactKey: Guid(f2704bf887c4a264480fd6381f67c175) Importer(815301076,1909f56bfc062723c751e8b465ee728b)
Start importing Assets/New Prefab.prefab using Guid(f2704bf887c4a264480fd6381f67c175) Importer(815301076,1909f56bfc062723c751e8b465ee728b)  -> (artifact id: '3053401c28705d0a988a06c5ea6a2288') in 0.008970 seconds 
========================================================================
Received Import Request.
  Time since last request: 14.234473 seconds.
  path: Assets/Platformer/Prefabs/Rock.prefab
  artifactKey: Guid(981bb3414d36746408a1c5ee5244f1b1) Importer(815301076,1909f56bfc062723c751e8b465ee728b)
Start importing Assets/Platformer/Prefabs/Rock.prefab using Guid(981bb3414d36746408a1c5ee5244f1b1) Importer(815301076,1909f56bfc062723c751e8b465ee728b)  -> (artifact id: '6d5ef63beeb187f39371642f529bdeb8') in 0.015358 seconds 
========================================================================
Received Import Request.
  Time since last request: 2.203182 seconds.
  path: Assets/Platformer/Prefabs/Rock.prefab
  artifactKey: Guid(981bb3414d36746408a1c5ee5244f1b1) Importer(815301076,1909f56bfc062723c751e8b465ee728b)
Start importing Assets/Platformer/Prefabs/Rock.prefab using Guid(981bb3414d36746408a1c5ee5244f1b1) Importer(815301076,1909f56bfc062723c751e8b465ee728b)  -> (artifact id: '85920f4a343ae110c2c67ef0a0eea0b0') in 0.015327 seconds 
========================================================================
Received Import Request.
  Time since last request: 14.595209 seconds.
  path: Assets/Platformer/Prefabs/Rock 1.prefab
  artifactKey: Guid(0d80bc8bbe702c9449c336395f17990c) Importer(815301076,1909f56bfc062723c751e8b465ee728b)
Start importing Assets/Platformer/Prefabs/Rock 1.prefab using Guid(0d80bc8bbe702c9449c336395f17990c) Importer(815301076,1909f56bfc062723c751e8b465ee728b)  -> (artifact id: '63fbba6b7cb6d11e6f044f51081d7b65') in 0.016625 seconds 
